
2025/05/04 18:40:20 [32m/Users/yy/Desktop/code/github.com/yunhanshu/api-server/pkg/db/db.go:54
[0m[33m[114.305ms] [34;1m[rows:-][0m SELECT DATABASE()

2025/05/04 18:40:20 [32m/Users/yy/Desktop/code/github.com/yunhanshu/api-server/pkg/db/db.go:54
[0m[33m[139.528ms] [34;1m[rows:1][0m SELECT SCHEMA_NAME from Information_schema.SCHEMATA where SCHEMA_NAME LIKE 'yunhanshu%' ORDER BY SCHEMA_NAME='yunhanshu' DESC,SCHEMA_NAME limit 1

2025/05/04 18:40:20 [32m/Users/yy/Desktop/code/github.com/yunhanshu/api-server/pkg/db/db.go:54
[0m[33m[149.738ms] [34;1m[rows:-][0m SELECT count(*) FROM information_schema.tables WHERE table_schema = 'yunhanshu' AND table_name = 'runner' AND table_type = 'BASE TABLE'

2025/05/04 18:40:20 [32m/Users/yy/Desktop/code/github.com/yunhanshu/api-server/pkg/db/db.go:54
[0m[33m[99.121ms] [34;1m[rows:-][0m SELECT DATABASE()

2025/05/04 18:40:20 [32m/Users/yy/Desktop/code/github.com/yunhanshu/api-server/pkg/db/db.go:54
[0m[33m[136.990ms] [34;1m[rows:1][0m SELECT SCHEMA_NAME from Information_schema.SCHEMATA where SCHEMA_NAME LIKE 'yunhanshu%' ORDER BY SCHEMA_NAME='yunhanshu' DESC,SCHEMA_NAME limit 1

2025/05/04 18:40:20 [32m/Users/yy/Desktop/code/github.com/yunhanshu/api-server/pkg/db/db.go:54
[0m[33m[154.019ms] [34;1m[rows:-][0m SELECT * FROM `runner` LIMIT 1

2025/05/04 18:40:21 [32m/Users/yy/Desktop/code/github.com/yunhanshu/api-server/pkg/db/db.go:54
[0m[33m[191.119ms] [34;1m[rows:-][0m SELECT column_name, column_default, is_nullable = 'YES', data_type, character_maximum_length, column_type, column_key, extra, column_comment, numeric_precision, numeric_scale , datetime_precision FROM information_schema.columns WHERE table_schema = 'yunhanshu' AND table_name = 'runner' ORDER BY ORDINAL_POSITION

2025/05/04 18:40:21 [32m/Users/yy/Desktop/code/github.com/yunhanshu/api-server/pkg/db/db.go:54 [33mSLOW SQL >= 200ms
[0m[31;1m[423.865ms] [33m[rows:-][35m SELECT DATABASE()[0m

2025/05/04 18:40:21 [32m/Users/yy/Desktop/code/github.com/yunhanshu/api-server/pkg/db/db.go:54
[0m[33m[171.895ms] [34;1m[rows:1][0m SELECT SCHEMA_NAME from Information_schema.SCHEMATA where SCHEMA_NAME LIKE 'yunhanshu%' ORDER BY SCHEMA_NAME='yunhanshu' DESC,SCHEMA_NAME limit 1

2025/05/04 18:40:21 [32m/Users/yy/Desktop/code/github.com/yunhanshu/api-server/pkg/db/db.go:54
[0m[33m[150.741ms] [34;1m[rows:-][0m SELECT count(*) FROM information_schema.statistics WHERE table_schema = 'yunhanshu' AND table_name = 'runner' AND index_name = 'idx_runner_deleted_at'

2025/05/04 18:40:21 [32m/Users/yy/Desktop/code/github.com/yunhanshu/api-server/pkg/db/db.go:54
[0m[33m[78.434ms] [34;1m[rows:-][0m SELECT DATABASE()

2025/05/04 18:40:22 [32m/Users/yy/Desktop/code/github.com/yunhanshu/api-server/pkg/db/db.go:54
[0m[33m[131.067ms] [34;1m[rows:1][0m SELECT SCHEMA_NAME from Information_schema.SCHEMATA where SCHEMA_NAME LIKE 'yunhanshu%' ORDER BY SCHEMA_NAME='yunhanshu' DESC,SCHEMA_NAME limit 1

2025/05/04 18:40:22 [32m/Users/yy/Desktop/code/github.com/yunhanshu/api-server/pkg/db/db.go:54
[0m[33m[173.687ms] [34;1m[rows:-][0m SELECT count(*) FROM information_schema.tables WHERE table_schema = 'yunhanshu' AND table_name = 'runner_func' AND table_type = 'BASE TABLE'

2025/05/04 18:40:22 [32m/Users/yy/Desktop/code/github.com/yunhanshu/api-server/pkg/db/db.go:54
[0m[33m[76.005ms] [34;1m[rows:-][0m SELECT DATABASE()

2025/05/04 18:40:22 [32m/Users/yy/Desktop/code/github.com/yunhanshu/api-server/pkg/db/db.go:54
[0m[33m[162.861ms] [34;1m[rows:1][0m SELECT SCHEMA_NAME from Information_schema.SCHEMATA where SCHEMA_NAME LIKE 'yunhanshu%' ORDER BY SCHEMA_NAME='yunhanshu' DESC,SCHEMA_NAME limit 1

2025/05/04 18:40:22 [32m/Users/yy/Desktop/code/github.com/yunhanshu/api-server/pkg/db/db.go:54
[0m[33m[154.128ms] [34;1m[rows:-][0m SELECT * FROM `runner_func` LIMIT 1

2025/05/04 18:40:22 [32m/Users/yy/Desktop/code/github.com/yunhanshu/api-server/pkg/db/db.go:54
[0m[33m[159.976ms] [34;1m[rows:-][0m SELECT column_name, column_default, is_nullable = 'YES', data_type, character_maximum_length, column_type, column_key, extra, column_comment, numeric_precision, numeric_scale , datetime_precision FROM information_schema.columns WHERE table_schema = 'yunhanshu' AND table_name = 'runner_func' ORDER BY ORDINAL_POSITION

2025/05/04 18:40:22 [32m/Users/yy/Desktop/code/github.com/yunhanshu/api-server/pkg/db/db.go:54
[0m[33m[116.043ms] [34;1m[rows:-][0m SELECT DATABASE()

2025/05/04 18:40:23 [32m/Users/yy/Desktop/code/github.com/yunhanshu/api-server/pkg/db/db.go:54 [33mSLOW SQL >= 200ms
[0m[31;1m[483.738ms] [33m[rows:1][35m SELECT SCHEMA_NAME from Information_schema.SCHEMATA where SCHEMA_NAME LIKE 'yunhanshu%' ORDER BY SCHEMA_NAME='yunhanshu' DESC,SCHEMA_NAME limit 1[0m

2025/05/04 18:40:23 [32m/Users/yy/Desktop/code/github.com/yunhanshu/api-server/pkg/db/db.go:54 [33mSLOW SQL >= 200ms
[0m[31;1m[200.411ms] [33m[rows:-][35m SELECT count(*) FROM information_schema.statistics WHERE table_schema = 'yunhanshu' AND table_name = 'runner_func' AND index_name = 'idx_runner_func_deleted_at'[0m

2025/05/04 18:40:23 [32m/Users/yy/Desktop/code/github.com/yunhanshu/api-server/pkg/db/db.go:54
[0m[33m[95.950ms] [34;1m[rows:-][0m SELECT DATABASE()

2025/05/04 18:40:23 [32m/Users/yy/Desktop/code/github.com/yunhanshu/api-server/pkg/db/db.go:54
[0m[33m[143.372ms] [34;1m[rows:1][0m SELECT SCHEMA_NAME from Information_schema.SCHEMATA where SCHEMA_NAME LIKE 'yunhanshu%' ORDER BY SCHEMA_NAME='yunhanshu' DESC,SCHEMA_NAME limit 1

2025/05/04 18:40:23 [32m/Users/yy/Desktop/code/github.com/yunhanshu/api-server/pkg/db/db.go:54
[0m[33m[146.080ms] [34;1m[rows:-][0m SELECT count(*) FROM information_schema.tables WHERE table_schema = 'yunhanshu' AND table_name = 'service_tree' AND table_type = 'BASE TABLE'

2025/05/04 18:40:24 [32m/Users/yy/Desktop/code/github.com/yunhanshu/api-server/pkg/db/db.go:54
[0m[33m[74.716ms] [34;1m[rows:-][0m SELECT DATABASE()

2025/05/04 18:40:24 [32m/Users/yy/Desktop/code/github.com/yunhanshu/api-server/pkg/db/db.go:54
[0m[33m[189.044ms] [34;1m[rows:1][0m SELECT SCHEMA_NAME from Information_schema.SCHEMATA where SCHEMA_NAME LIKE 'yunhanshu%' ORDER BY SCHEMA_NAME='yunhanshu' DESC,SCHEMA_NAME limit 1

2025/05/04 18:40:24 [32m/Users/yy/Desktop/code/github.com/yunhanshu/api-server/pkg/db/db.go:54
[0m[33m[156.312ms] [34;1m[rows:-][0m SELECT * FROM `service_tree` LIMIT 1

2025/05/04 18:40:24 [32m/Users/yy/Desktop/code/github.com/yunhanshu/api-server/pkg/db/db.go:54
[0m[33m[177.822ms] [34;1m[rows:-][0m SELECT column_name, column_default, is_nullable = 'YES', data_type, character_maximum_length, column_type, column_key, extra, column_comment, numeric_precision, numeric_scale , datetime_precision FROM information_schema.columns WHERE table_schema = 'yunhanshu' AND table_name = 'service_tree' ORDER BY ORDINAL_POSITION

2025/05/04 18:40:24 [32m/Users/yy/Desktop/code/github.com/yunhanshu/api-server/pkg/db/db.go:54
[0m[33m[110.111ms] [34;1m[rows:-][0m SELECT DATABASE()

2025/05/04 18:40:25 [32m/Users/yy/Desktop/code/github.com/yunhanshu/api-server/pkg/db/db.go:54 [33mSLOW SQL >= 200ms
[0m[31;1m[450.961ms] [33m[rows:1][35m SELECT SCHEMA_NAME from Information_schema.SCHEMATA where SCHEMA_NAME LIKE 'yunhanshu%' ORDER BY SCHEMA_NAME='yunhanshu' DESC,SCHEMA_NAME limit 1[0m

2025/05/04 18:40:25 [32m/Users/yy/Desktop/code/github.com/yunhanshu/api-server/pkg/db/db.go:54 [33mSLOW SQL >= 200ms
[0m[31;1m[211.027ms] [33m[rows:-][35m SELECT count(*) FROM information_schema.statistics WHERE table_schema = 'yunhanshu' AND table_name = 'service_tree' AND index_name = 'idx_service_tree_deleted_at'[0m

2025/05/04 18:40:25 [32m/Users/yy/Desktop/code/github.com/yunhanshu/api-server/pkg/db/db.go:54
[0m[33m[81.095ms] [34;1m[rows:-][0m SELECT DATABASE()

2025/05/04 18:40:25 [32m/Users/yy/Desktop/code/github.com/yunhanshu/api-server/pkg/db/db.go:54
[0m[33m[186.949ms] [34;1m[rows:1][0m SELECT SCHEMA_NAME from Information_schema.SCHEMATA where SCHEMA_NAME LIKE 'yunhanshu%' ORDER BY SCHEMA_NAME='yunhanshu' DESC,SCHEMA_NAME limit 1

2025/05/04 18:40:25 [32m/Users/yy/Desktop/code/github.com/yunhanshu/api-server/pkg/db/db.go:54
[0m[33m[186.832ms] [34;1m[rows:-][0m SELECT count(*) FROM information_schema.statistics WHERE table_schema = 'yunhanshu' AND table_name = 'service_tree' AND index_name = 'idx_tree_full_path'

2025/05/04 18:40:25 [32m/Users/yy/Desktop/code/github.com/yunhanshu/api-server/pkg/db/db.go:54
[0m[33m[67.721ms] [34;1m[rows:-][0m SELECT DATABASE()

2025/05/04 18:40:25 [32m/Users/yy/Desktop/code/github.com/yunhanshu/api-server/pkg/db/db.go:54
[0m[33m[138.809ms] [34;1m[rows:1][0m SELECT SCHEMA_NAME from Information_schema.SCHEMATA where SCHEMA_NAME LIKE 'yunhanshu%' ORDER BY SCHEMA_NAME='yunhanshu' DESC,SCHEMA_NAME limit 1

2025/05/04 18:40:26 [32m/Users/yy/Desktop/code/github.com/yunhanshu/api-server/pkg/db/db.go:54
[0m[33m[131.156ms] [34;1m[rows:-][0m SELECT count(*) FROM information_schema.tables WHERE table_schema = 'yunhanshu' AND table_name = 'func_version' AND table_type = 'BASE TABLE'

2025/05/04 18:40:26 [32m/Users/yy/Desktop/code/github.com/yunhanshu/api-server/pkg/db/db.go:54
[0m[33m[64.696ms] [34;1m[rows:-][0m SELECT DATABASE()

2025/05/04 18:40:26 [32m/Users/yy/Desktop/code/github.com/yunhanshu/api-server/pkg/db/db.go:54
[0m[33m[150.048ms] [34;1m[rows:1][0m SELECT SCHEMA_NAME from Information_schema.SCHEMATA where SCHEMA_NAME LIKE 'yunhanshu%' ORDER BY SCHEMA_NAME='yunhanshu' DESC,SCHEMA_NAME limit 1

2025/05/04 18:40:26 [32m/Users/yy/Desktop/code/github.com/yunhanshu/api-server/pkg/db/db.go:54 [33mSLOW SQL >= 200ms
[0m[31;1m[493.235ms] [33m[rows:-][35m SELECT * FROM `func_version` LIMIT 1[0m

2025/05/04 18:40:26 [32m/Users/yy/Desktop/code/github.com/yunhanshu/api-server/pkg/db/db.go:54
[0m[33m[151.912ms] [34;1m[rows:-][0m SELECT column_name, column_default, is_nullable = 'YES', data_type, character_maximum_length, column_type, column_key, extra, column_comment, numeric_precision, numeric_scale , datetime_precision FROM information_schema.columns WHERE table_schema = 'yunhanshu' AND table_name = 'func_version' ORDER BY ORDINAL_POSITION

2025/05/04 18:40:27 [32m/Users/yy/Desktop/code/github.com/yunhanshu/api-server/pkg/db/db.go:54
[0m[33m[65.317ms] [34;1m[rows:-][0m SELECT DATABASE()

2025/05/04 18:40:27 [32m/Users/yy/Desktop/code/github.com/yunhanshu/api-server/pkg/db/db.go:54
[0m[33m[142.622ms] [34;1m[rows:1][0m SELECT SCHEMA_NAME from Information_schema.SCHEMATA where SCHEMA_NAME LIKE 'yunhanshu%' ORDER BY SCHEMA_NAME='yunhanshu' DESC,SCHEMA_NAME limit 1

2025/05/04 18:40:27 [32m/Users/yy/Desktop/code/github.com/yunhanshu/api-server/pkg/db/db.go:54
[0m[33m[198.805ms] [34;1m[rows:-][0m SELECT count(*) FROM information_schema.statistics WHERE table_schema = 'yunhanshu' AND table_name = 'func_version' AND index_name = 'idx_func_version_deleted_at'

2025/05/04 18:40:27 [32m/Users/yy/Desktop/code/github.com/yunhanshu/api-server/pkg/db/db.go:54
[0m[33m[87.518ms] [34;1m[rows:-][0m SELECT DATABASE()

2025/05/04 18:40:27 [32m/Users/yy/Desktop/code/github.com/yunhanshu/api-server/pkg/db/db.go:54
[0m[33m[199.385ms] [34;1m[rows:1][0m SELECT SCHEMA_NAME from Information_schema.SCHEMATA where SCHEMA_NAME LIKE 'yunhanshu%' ORDER BY SCHEMA_NAME='yunhanshu' DESC,SCHEMA_NAME limit 1

2025/05/04 18:40:27 [32m/Users/yy/Desktop/code/github.com/yunhanshu/api-server/pkg/db/db.go:54 [33mSLOW SQL >= 200ms
[0m[31;1m[217.989ms] [33m[rows:-][35m SELECT count(*) FROM information_schema.tables WHERE table_schema = 'yunhanshu' AND table_name = 'runner_version' AND table_type = 'BASE TABLE'[0m

2025/05/04 18:40:27 [32m/Users/yy/Desktop/code/github.com/yunhanshu/api-server/pkg/db/db.go:54
[0m[33m[74.187ms] [34;1m[rows:-][0m SELECT DATABASE()

2025/05/04 18:40:28 [32m/Users/yy/Desktop/code/github.com/yunhanshu/api-server/pkg/db/db.go:54
[0m[33m[161.473ms] [34;1m[rows:1][0m SELECT SCHEMA_NAME from Information_schema.SCHEMATA where SCHEMA_NAME LIKE 'yunhanshu%' ORDER BY SCHEMA_NAME='yunhanshu' DESC,SCHEMA_NAME limit 1

2025/05/04 18:40:28 [32m/Users/yy/Desktop/code/github.com/yunhanshu/api-server/pkg/db/db.go:54 [33mSLOW SQL >= 200ms
[0m[31;1m[735.421ms] [33m[rows:-][35m SELECT * FROM `runner_version` LIMIT 1[0m

2025/05/04 18:40:29 [32m/Users/yy/Desktop/code/github.com/yunhanshu/api-server/pkg/db/db.go:54 [33mSLOW SQL >= 200ms
[0m[31;1m[261.491ms] [33m[rows:-][35m SELECT column_name, column_default, is_nullable = 'YES', data_type, character_maximum_length, column_type, column_key, extra, column_comment, numeric_precision, numeric_scale , datetime_precision FROM information_schema.columns WHERE table_schema = 'yunhanshu' AND table_name = 'runner_version' ORDER BY ORDINAL_POSITION[0m

2025/05/04 18:40:29 [32m/Users/yy/Desktop/code/github.com/yunhanshu/api-server/pkg/db/db.go:54
[0m[33m[73.642ms] [34;1m[rows:-][0m SELECT DATABASE()

2025/05/04 18:40:29 [32m/Users/yy/Desktop/code/github.com/yunhanshu/api-server/pkg/db/db.go:54
[0m[33m[183.057ms] [34;1m[rows:1][0m SELECT SCHEMA_NAME from Information_schema.SCHEMATA where SCHEMA_NAME LIKE 'yunhanshu%' ORDER BY SCHEMA_NAME='yunhanshu' DESC,SCHEMA_NAME limit 1

2025/05/04 18:40:29 [32m/Users/yy/Desktop/code/github.com/yunhanshu/api-server/pkg/db/db.go:54 [33mSLOW SQL >= 200ms
[0m[31;1m[233.695ms] [33m[rows:-][35m SELECT count(*) FROM information_schema.statistics WHERE table_schema = 'yunhanshu' AND table_name = 'runner_version' AND index_name = 'idx_runner_version_deleted_at'[0m
[GIN-debug] [WARNING] Running in "debug" mode. Switch to "release" mode in production.
 - using env:	export GIN_MODE=release
 - using code:	gin.SetMode(gin.ReleaseMode)

[GIN-debug] POST   /api/v1/runner            --> github.com/yunhanshu-net/api-server/api/v1.(*RunnerAPI).Create-fm (5 handlers)
[GIN-debug] GET    /api/v1/runner            --> github.com/yunhanshu-net/api-server/api/v1.(*RunnerAPI).List-fm (5 handlers)
[GIN-debug] GET    /api/v1/runner/:id        --> github.com/yunhanshu-net/api-server/api/v1.(*RunnerAPI).Get-fm (5 handlers)
[GIN-debug] PUT    /api/v1/runner/:id        --> github.com/yunhanshu-net/api-server/api/v1.(*RunnerAPI).Update-fm (5 handlers)
[GIN-debug] DELETE /api/v1/runner/:id        --> github.com/yunhanshu-net/api-server/api/v1.(*RunnerAPI).Delete-fm (5 handlers)
[GIN-debug] POST   /api/v1/runner/:id/fork   --> github.com/yunhanshu-net/api-server/api/v1.(*RunnerAPI).Fork-fm (5 handlers)
[GIN-debug] GET    /api/v1/runner/:id/version --> github.com/yunhanshu-net/api-server/api/v1.(*RunnerAPI).Version-fm (5 handlers)
[GIN-debug] POST   /api/v1/service-tree      --> github.com/yunhanshu-net/api-server/api/v1.(*ServiceTreeAPI).Create-fm (5 handlers)
[GIN-debug] GET    /api/v1/service-tree      --> github.com/yunhanshu-net/api-server/api/v1.(*ServiceTreeAPI).List-fm (5 handlers)
[GIN-debug] GET    /api/v1/service-tree/:id  --> github.com/yunhanshu-net/api-server/api/v1.(*ServiceTreeAPI).Get-fm (5 handlers)
[GIN-debug] PUT    /api/v1/service-tree/:id  --> github.com/yunhanshu-net/api-server/api/v1.(*ServiceTreeAPI).Update-fm (5 handlers)
[GIN-debug] DELETE /api/v1/service-tree/:id  --> github.com/yunhanshu-net/api-server/api/v1.(*ServiceTreeAPI).Delete-fm (5 handlers)
[GIN-debug] POST   /api/v1/service-tree/:id/fork --> github.com/yunhanshu-net/api-server/api/v1.(*ServiceTreeAPI).Fork-fm (5 handlers)
[GIN-debug] GET    /api/v1/service-tree/children/:parent_id --> github.com/yunhanshu-net/api-server/api/v1.(*ServiceTreeAPI).GetChildren-fm (5 handlers)
[GIN-debug] POST   /api/v1/runner-func       --> github.com/yunhanshu-net/api-server/api/v1.(*RunnerFuncAPI).Create-fm (5 handlers)
[GIN-debug] GET    /api/v1/runner-func       --> github.com/yunhanshu-net/api-server/api/v1.(*RunnerFuncAPI).List-fm (5 handlers)
[GIN-debug] GET    /api/v1/runner-func/:id   --> github.com/yunhanshu-net/api-server/api/v1.(*RunnerFuncAPI).Get-fm (5 handlers)
[GIN-debug] PUT    /api/v1/runner-func/:id   --> github.com/yunhanshu-net/api-server/api/v1.(*RunnerFuncAPI).Update-fm (5 handlers)
[GIN-debug] DELETE /api/v1/runner-func/:id   --> github.com/yunhanshu-net/api-server/api/v1.(*RunnerFuncAPI).Delete-fm (5 handlers)
[GIN-debug] POST   /api/v1/runner-func/:id/fork --> github.com/yunhanshu-net/api-server/api/v1.(*RunnerFuncAPI).Fork-fm (5 handlers)
[GIN-debug] GET    /api/v1/runner-func/runner/:runner_id --> github.com/yunhanshu-net/api-server/api/v1.(*RunnerFuncAPI).GetByRunner-fm (5 handlers)
2025-05-04T18:40:29.618+0800	info	api-server/main.go:50	æœåŠ¡å™¨è¿è¡Œåœ¨ :8080 ç«¯å£
2025-05-04T18:40:45.239+0800	debug	v1/runner.go:34	å¼€å§‹å¤„ç†Runneråˆ›å»ºè¯·æ±‚
2025-05-04T18:40:45.240+0800	debug	service/runner.go:47	å¼€å§‹åˆ›å»ºRunner	{"title": "æµ‹è¯•Runner"}
2025-05-04T18:40:45.240+0800	debug	repo/runner.go:103	æ ¹æ®åç§°è·å–Runner	{"name": "test-runner"}

2025/05/04 18:40:45 [31;1m/Users/yy/Desktop/code/github.com/yunhanshu/api-server/repo/runner.go:105 [35;1mrecord not found
[0m[33m[194.753ms] [34;1m[rows:0][0m SELECT * FROM `runner` WHERE name = 'test-runner' AND `runner`.`deleted_at` IS NULL ORDER BY `runner`.`id` LIMIT 1
2025-05-04T18:40:45.435+0800	debug	repo/runner.go:40	å¼€å§‹åˆ›å»ºRunner	{"name": "test-runner"}

2025/05/04 18:40:45 [32m/Users/yy/Desktop/code/github.com/yunhanshu/api-server/repo/runner.go:41 [33mSLOW SQL >= 200ms
[0m[31;1m[394.417ms] [33m[rows:1][35m INSERT INTO `runner` (`created_at`,`updated_at`,`deleted_at`,`created_by`,`updated_by`,`deleted_by`,`title`,`name`,`description`,`version`,`user`,`language`,`status`,`runcher_id`,`is_public`,`tags`) VALUES ('2025-05-04 18:40:45','2025-05-04 18:40:45',NULL,'admin','admin','','æµ‹è¯•Runner','test-runner','','','admin','',1,NULL,true,'')[0m
2025-05-04T18:40:45.830+0800	debug	repo/runner.go:130	ä¿å­˜Runnerç‰ˆæœ¬	{"runner_id": 1, "version": "1.0.0"}

2025/05/04 18:40:46 [32m/Users/yy/Desktop/code/github.com/yunhanshu/api-server/repo/runner.go:131 [33mSLOW SQL >= 200ms
[0m[31;1m[342.950ms] [33m[rows:1][35m INSERT INTO `runner_version` (`created_at`,`updated_at`,`deleted_at`,`created_by`,`updated_by`,`deleted_by`,`runner_id`,`version`,`comment`) VALUES ('2025-05-04 18:40:45','2025-05-04 18:40:45',NULL,'admin','','',1,'1.0.0','åˆå§‹ç‰ˆæœ¬')[0m
2025-05-04T18:40:46.173+0800	info	service/runner.go:93	åˆ›å»ºRunneræˆåŠŸ	{"id": 1, "title": "æµ‹è¯•Runner"}
2025-05-04T18:40:46.173+0800	info	v1/runner.go:54	åˆ›å»ºRunneræˆåŠŸ	{"id": 1, "title": "æµ‹è¯•Runner"}
2025-05-04T18:40:46.173+0800	info	middleware/logger.go:75	HTTPè¯·æ±‚	{"method": "POST", "path": "/api/v1/runner", "query": "", "ip": "::1", "user-agent": "curl/8.7.1", "status": 200, "size": 354, "latency": 0.93388936, "request": "{\"name\":\"test-runner\", \"title\":\"æµ‹è¯•Runner\", \"desc\":\"è¿™æ˜¯ä¸€ä¸ªæµ‹è¯•Runner\", \"status\":1, \"is_public\":true}", "response": "{\"code\":0,\"msg\":\"æˆåŠŸ\",\"data\":{\"id\":1,\"created_at\":\"2025-05-04 18:40:45\",\"updated_at\":\"2025-05-04 18:40:45\",\"created_by\":\"admin\",\"updated_by\":\"admin\",\"deleted_by\":\"\",\"title\":\"æµ‹è¯•Runner\",\"name\":\"test-runner\",\"version\":\"\",\"user\":\"admin\",\"language\":\"\",\"status\":1,\"runcher_id\":null,\"is_public\":true,\"tags\":\"\",\"fork_from_version\":\"\",\"fork_from_id\":null}}"}
2025-05-04T18:40:51.675+0800	debug	v1/runner.go:117	å¼€å§‹å¤„ç†Runnerè¯¦æƒ…è¯·æ±‚	{"id": 1}
2025-05-04T18:40:51.675+0800	debug	service/runner.go:99	å¼€å§‹è·å–Runnerè¯¦æƒ…	{"id": 1}
2025-05-04T18:40:51.675+0800	debug	repo/runner.go:46	å¼€å§‹è·å–Runner	{"id": 1}

2025/05/04 18:40:51 [32m/Users/yy/Desktop/code/github.com/yunhanshu/api-server/repo/runner.go:48
[0m[33m[134.101ms] [34;1m[rows:1][0m SELECT * FROM `runner` WHERE `runner`.`id` = 1 AND `runner`.`deleted_at` IS NULL ORDER BY `runner`.`id` LIMIT 1
2025-05-04T18:40:51.810+0800	debug	service/runner.go:111	è·å–Runnerè¯¦æƒ…æˆåŠŸ	{"id": 1}
2025-05-04T18:40:51.810+0800	info	v1/runner.go:132	è·å–Runnerè¯¦æƒ…æˆåŠŸ	{"id": 1}
2025-05-04T18:40:51.810+0800	info	middleware/logger.go:75	HTTPè¯·æ±‚	{"method": "GET", "path": "/api/v1/runner/1", "query": "", "ip": "::1", "user-agent": "curl/8.7.1", "status": 200, "size": 354, "latency": 0.13461023, "request": "", "response": "{\"code\":0,\"msg\":\"æˆåŠŸ\",\"data\":{\"id\":1,\"created_at\":\"2025-05-04 18:40:45\",\"updated_at\":\"2025-05-04 18:40:45\",\"created_by\":\"admin\",\"updated_by\":\"admin\",\"deleted_by\":\"\",\"title\":\"æµ‹è¯•Runner\",\"name\":\"test-runner\",\"version\":\"\",\"user\":\"admin\",\"language\":\"\",\"status\":1,\"runcher_id\":null,\"is_public\":true,\"tags\":\"\",\"fork_from_version\":\"\",\"fork_from_id\":null}}"}
2025-05-04T18:40:58.162+0800	debug	v1/service_tree.go:29	å¼€å§‹å¤„ç†ServiceTreeåˆ›å»ºè¯·æ±‚
2025-05-04T18:40:58.162+0800	debug	service/service_tree.go:31	å¼€å§‹åˆ›å»ºæœåŠ¡æ ‘	{"name": "test-tree"}
2025-05-04T18:40:58.162+0800	debug	repo/service_tree.go:99	æ ¹æ®åç§°è·å–ServiceTree	{"parent_id": 0, "name": "test-tree"}

2025/05/04 18:40:58 [31;1m/Users/yy/Desktop/code/github.com/yunhanshu/api-server/repo/service_tree.go:109 [35;1mrecord not found
[0m[33m[490.791ms] [34;1m[rows:0][0m SELECT * FROM `service_tree` WHERE name = 'test-tree' AND parent_id IS NULL AND `service_tree`.`deleted_at` IS NULL ORDER BY `service_tree`.`id` LIMIT 1
2025-05-04T18:40:58.653+0800	debug	repo/service_tree.go:36	å¼€å§‹åˆ›å»ºServiceTree	{"name": "test-tree"}

2025/05/04 18:40:58 [32m/Users/yy/Desktop/code/github.com/yunhanshu/api-server/repo/service_tree.go:37 [33mSLOW SQL >= 200ms
[0m[31;1m[345.583ms] [33m[rows:1][35m INSERT INTO `service_tree` (`created_at`,`updated_at`,`deleted_at`,`created_by`,`updated_by`,`deleted_by`,`title`,`name`,`description`,`tags`,`user`,`children_count`,`full_path`,`level`,`sort`) VALUES ('2025-05-04 18:40:58','2025-05-04 18:40:58',NULL,'admin','admin','','æµ‹è¯•ç›®å½•','test-tree','','','',0,'test-tree',0,0)[0m
2025-05-04T18:40:58.999+0800	info	service/service_tree.go:97	åˆ›å»ºæœåŠ¡æ ‘æˆåŠŸ	{"id": 1, "name": "test-tree"}
2025-05-04T18:40:58.999+0800	info	v1/service_tree.go:49	åˆ›å»ºServiceTreeæˆåŠŸ	{"id": 1, "name": "test-tree"}
2025-05-04T18:40:59.000+0800	info	middleware/logger.go:75	HTTPè¯·æ±‚	{"method": "POST", "path": "/api/v1/service-tree", "query": "", "ip": "::1", "user-agent": "curl/8.7.1", "status": 200, "size": 340, "latency": 0.837282044, "request": "{\"name\":\"test-tree\", \"title\":\"æµ‹è¯•ç›®å½•\", \"parent_id\":0, \"runner_id\":1}", "response": "{\"code\":0,\"msg\":\"æˆåŠŸ\",\"data\":{\"id\":1,\"created_at\":\"2025-05-04 18:40:58\",\"updated_at\":\"2025-05-04 18:40:58\",\"created_by\":\"admin\",\"updated_by\":\"admin\",\"deleted_by\":\"\",\"title\":\"æµ‹è¯•ç›®å½•\",\"name\":\"test-tree\",\"user\":\"\",\"parent_id\":0,\"children_count\":0,\"full_path\":\"test-tree\",\"level\":0,\"sort\":0,\"fork_from_version\":\"\",\"fork_from_id\":null}}"}
2025-05-04T18:41:06.356+0800	debug	v1/runner_func.go:32	å¼€å§‹å¤„ç†RunnerFuncåˆ›å»ºè¯·æ±‚
2025-05-04T18:41:06.356+0800	debug	service/runner_func.go:49	å¼€å§‹åˆ›å»ºå‡½æ•°	{"name": "test-func"}
2025-05-04T18:41:06.356+0800	debug	repo/runner.go:46	å¼€å§‹è·å–Runner	{"id": 1}

2025/05/04 18:41:06 [32m/Users/yy/Desktop/code/github.com/yunhanshu/api-server/repo/runner.go:48
[0m[33m[158.059ms] [34;1m[rows:1][0m SELECT * FROM `runner` WHERE `runner`.`id` = 1 AND `runner`.`deleted_at` IS NULL ORDER BY `runner`.`id` LIMIT 1
2025-05-04T18:41:06.514+0800	debug	repo/service_tree.go:42	å¼€å§‹è·å–ServiceTree	{"id": 1}

2025/05/04 18:41:06 [32m/Users/yy/Desktop/code/github.com/yunhanshu/api-server/repo/service_tree.go:44
[0m[33m[142.048ms] [34;1m[rows:1][0m SELECT * FROM `service_tree` WHERE `service_tree`.`id` = 1 AND `service_tree`.`deleted_at` IS NULL ORDER BY `service_tree`.`id` LIMIT 1
2025-05-04T18:41:06.656+0800	debug	repo/runner_func.go:208	æ ¹æ®åç§°è·å–å‡½æ•°	{"runner_id": 1, "name": "test-func"}

2025/05/04 18:41:06 [31;1m/Users/yy/Desktop/code/github.com/yunhanshu/api-server/repo/runner_func.go:210 [35;1mrecord not found
[0m[33m[174.602ms] [34;1m[rows:0][0m SELECT * FROM `runner_func` WHERE (runner_id = 1 AND name = 'test-func') AND `runner_func`.`deleted_at` IS NULL ORDER BY `runner_func`.`id` LIMIT 1
2025-05-04T18:41:06.831+0800	debug	repo/runner_func.go:45	å¼€å§‹åˆ›å»ºå‡½æ•°	{"name": "test-func"}

2025/05/04 18:41:07 [32m/Users/yy/Desktop/code/github.com/yunhanshu/api-server/repo/runner_func.go:46 [33mSLOW SQL >= 200ms
[0m[31;1m[306.501ms] [33m[rows:1][35m INSERT INTO `runner_func` (`created_at`,`updated_at`,`deleted_at`,`created_by`,`updated_by`,`deleted_by`,`title`,`name`,`description`,`tags`,`request`,`response`,`callbacks`,`use_tables`,`is_public`,`user`,`tree_id`,`runner_id`) VALUES ('2025-05-04 18:41:06','2025-05-04 18:41:06',NULL,'admin','admin','','æµ‹è¯•å‡½æ•°','test-func','è¿™æ˜¯ä¸€ä¸ªæµ‹è¯•å‡½æ•°','',(NULL),(NULL),'','',true,'',1,1)[0m
2025-05-04T18:41:07.138+0800	debug	repo/runner_func.go:235	ä¿å­˜å‡½æ•°ç‰ˆæœ¬	{"func_id": 1, "version": "1.0.0"}

2025/05/04 18:41:08 [32m/Users/yy/Desktop/code/github.com/yunhanshu/api-server/repo/runner_func.go:236 [33mSLOW SQL >= 200ms
[0m[31;1m[1752.502ms] [33m[rows:1][35m INSERT INTO `func_version` (`created_at`,`updated_at`,`deleted_at`,`created_by`,`updated_by`,`deleted_by`,`func_id`,`version`,`comment`) VALUES ('2025-05-04 18:41:06','2025-05-04 18:41:07',NULL,'admin','','',1,'1.0.0','åˆå§‹ç‰ˆæœ¬')[0m
2025-05-04T18:41:08.891+0800	info	service/runner_func.go:122	åˆ›å»ºå‡½æ•°æˆåŠŸ	{"id": 1, "name": "test-func"}
2025-05-04T18:41:08.891+0800	info	v1/runner_func.go:74	åˆ›å»ºRunnerFuncæˆåŠŸ	{"id": 1, "name": "test-func"}
2025-05-04T18:41:08.891+0800	info	middleware/logger.go:75	HTTPè¯·æ±‚	{"method": "POST", "path": "/api/v1/runner-func", "query": "", "ip": "::1", "user-agent": "curl/8.7.1", "status": 200, "size": 157, "latency": 2.535019405, "request": "{\"name\":\"test-func\", \"title\":\"æµ‹è¯•å‡½æ•°\", \"runner_id\":1, \"tree_id\":1, \"desc\":\"è¿™æ˜¯ä¸€ä¸ªæµ‹è¯•å‡½æ•°\", \"is_public\":true}", "response": "{\"code\":0,\"msg\":\"æˆåŠŸ\",\"data\":{\"id\":1,\"name\":\"test-func\",\"title\":\"æµ‹è¯•å‡½æ•°\",\"runner_id\":1,\"tree_id\":1,\"created_at\":\"2025-05-04T18:41:06.831771+08:00\"}}"}
2025-05-04T18:41:14.935+0800	debug	v1/runner_func.go:355	å¼€å§‹è·å–Runnerä¸‹çš„å‡½æ•°	{"runner_id": 1}
2025-05-04T18:41:14.935+0800	debug	service/runner_func.go:251	å¼€å§‹è·å–Runnerä¸‹çš„å‡½æ•°åˆ—è¡¨	{"runner_id": 1}
2025-05-04T18:41:14.935+0800	debug	repo/runner.go:46	å¼€å§‹è·å–Runner	{"id": 1}

2025/05/04 18:41:15 [32m/Users/yy/Desktop/code/github.com/yunhanshu/api-server/repo/runner.go:48
[0m[33m[143.512ms] [34;1m[rows:1][0m SELECT * FROM `runner` WHERE `runner`.`id` = 1 AND `runner`.`deleted_at` IS NULL ORDER BY `runner`.`id` LIMIT 1
2025-05-04T18:41:15.079+0800	debug	repo/runner_func.go:114	è·å–Runnerä¸‹çš„æ‰€æœ‰å‡½æ•°	{"runner_id": 1}

2025/05/04 18:41:15 [32m/Users/yy/Desktop/code/github.com/yunhanshu/api-server/repo/runner_func.go:116
[0m[33m[185.056ms] [34;1m[rows:1][0m SELECT * FROM `runner_func` WHERE runner_id = 1 AND `runner_func`.`deleted_at` IS NULL
2025-05-04T18:41:15.264+0800	debug	service/runner_func.go:270	è·å–Runnerä¸‹çš„å‡½æ•°åˆ—è¡¨æˆåŠŸ	{"runner_id": 1, "count": 1}
2025-05-04T18:41:15.264+0800	info	v1/runner_func.go:382	è·å–Runnerä¸‹çš„å‡½æ•°æˆåŠŸ	{"runner_id": 1, "func_count": 1}
2025-05-04T18:41:15.264+0800	info	middleware/logger.go:75	HTTPè¯·æ±‚	{"method": "GET", "path": "/api/v1/runner-func/runner/1", "query": "", "ip": "::1", "user-agent": "curl/8.7.1", "status": 200, "size": 175, "latency": 0.329393289, "request": "", "response": "{\"code\":0,\"msg\":\"æˆåŠŸ\",\"data\":[{\"id\":1,\"name\":\"test-func\",\"title\":\"æµ‹è¯•å‡½æ•°\",\"tree_id\":1,\"type\":0,\"status\":0,\"is_public\":true,\"created_at\":\"2025-05-04T18:41:06+08:00\"}]}"}
2025-05-04T18:41:21.457+0800	debug	v1/runner.go:209	å¼€å§‹å¤„ç†Runnerå¤åˆ¶è¯·æ±‚	{"id": 1}
2025-05-04T18:41:21.457+0800	debug	service/runner.go:205	å¼€å§‹å¤åˆ¶Runner	{"id": 1}
2025-05-04T18:41:21.457+0800	debug	repo/runner.go:46	å¼€å§‹è·å–Runner	{"id": 1}

2025/05/04 18:41:21 [32m/Users/yy/Desktop/code/github.com/yunhanshu/api-server/repo/runner.go:48 [33mSLOW SQL >= 200ms
[0m[31;1m[433.033ms] [33m[rows:1][35m SELECT * FROM `runner` WHERE `runner`.`id` = 1 AND `runner`.`deleted_at` IS NULL ORDER BY `runner`.`id` LIMIT 1[0m
2025-05-04T18:41:21.890+0800	debug	repo/runner.go:40	å¼€å§‹åˆ›å»ºRunner	{"name": "test-runner_copy_1746355281890470000"}

2025/05/04 18:41:22 [32m/Users/yy/Desktop/code/github.com/yunhanshu/api-server/repo/runner.go:41 [33mSLOW SQL >= 200ms
[0m[31;1m[306.904ms] [33m[rows:1][35m INSERT INTO `runner` (`created_at`,`updated_at`,`deleted_at`,`created_by`,`updated_by`,`deleted_by`,`title`,`name`,`description`,`version`,`user`,`language`,`status`,`runcher_id`,`is_public`,`tags`,`fork_from_user`,`fork_from_id`) VALUES ('2025-05-04 18:41:21','2025-05-04 18:41:21',NULL,'admin','admin','','Copy of æµ‹è¯•Runner','test-runner_copy_1746355281890470000','','','admin','',1,NULL,true,'','admin',1)[0m
2025-05-04T18:41:22.197+0800	debug	repo/runner.go:130	ä¿å­˜Runnerç‰ˆæœ¬	{"runner_id": 2, "version": "1.0.0"}

2025/05/04 18:41:22 [32m/Users/yy/Desktop/code/github.com/yunhanshu/api-server/repo/runner.go:131 [33mSLOW SQL >= 200ms
[0m[31;1m[328.286ms] [33m[rows:1][35m INSERT INTO `runner_version` (`created_at`,`updated_at`,`deleted_at`,`created_by`,`updated_by`,`deleted_by`,`runner_id`,`version`,`comment`) VALUES ('2025-05-04 18:41:21','2025-05-04 18:41:22',NULL,'admin','','',2,'1.0.0','ä» test-runner(1) Fork')[0m
2025-05-04T18:41:22.526+0800	info	service/runner.go:264	Fork RunneræˆåŠŸ	{"source_id": 1, "new_id": 2, "title": "Copy of æµ‹è¯•Runner"}
2025-05-04T18:41:22.526+0800	info	v1/runner.go:221	Fork RunneræˆåŠŸ	{"source_id": 1, "new_id": 2, "title": "Copy of æµ‹è¯•Runner"}
2025-05-04T18:41:22.526+0800	info	middleware/logger.go:75	HTTPè¯·æ±‚	{"method": "POST", "path": "/api/v1/runner/1/fork", "query": "", "ip": "::1", "user-agent": "curl/8.7.1", "status": 200, "size": 409, "latency": 1.069116941, "request": "", "response": "{\"code\":0,\"msg\":\"æˆåŠŸ\",\"data\":{\"id\":2,\"created_at\":\"2025-05-04 18:41:21\",\"updated_at\":\"2025-05-04 18:41:21\",\"created_by\":\"admin\",\"updated_by\":\"admin\",\"deleted_by\":\"\",\"title\":\"Copy of æµ‹è¯•Runner\",\"name\":\"test-runner_copy_1746355281890470000\",\"version\":\"\",\"user\":\"admin\",\"language\":\"\",\"status\":1,\"runcher_id\":null,\"is_public\":true,\"tags\":\"\",\"fork_from_user\":\"admin\",\"fork_from_version\":\"\",\"fork_from_id\":1}}"}
2025-05-04T18:41:29.434+0800	debug	v1/runner.go:237	å¼€å§‹å¤„ç†Runnerç‰ˆæœ¬è¯·æ±‚	{"id": 1}
2025-05-04T18:41:29.434+0800	debug	service/runner.go:274	å¼€å§‹è·å–Runnerç‰ˆæœ¬å†å²	{"id": 1}
2025-05-04T18:41:29.434+0800	debug	repo/runner.go:46	å¼€å§‹è·å–Runner	{"id": 1}

2025/05/04 18:41:29 [32m/Users/yy/Desktop/code/github.com/yunhanshu/api-server/repo/runner.go:48 [33mSLOW SQL >= 200ms
[0m[31;1m[233.845ms] [33m[rows:1][35m SELECT * FROM `runner` WHERE `runner`.`id` = 1 AND `runner`.`deleted_at` IS NULL ORDER BY `runner`.`id` LIMIT 1[0m
2025-05-04T18:41:29.668+0800	debug	repo/runner.go:136	è·å–Runnerç‰ˆæœ¬åˆ—è¡¨	{"runner_id": 1}

2025/05/04 18:41:29 [32m/Users/yy/Desktop/code/github.com/yunhanshu/api-server/repo/runner.go:138 [33mSLOW SQL >= 200ms
[0m[31;1m[210.716ms] [33m[rows:1][35m SELECT * FROM `runner_version` WHERE runner_id = 1 AND `runner_version`.`deleted_at` IS NULL ORDER BY created_at DESC[0m
2025-05-04T18:41:29.879+0800	debug	service/runner.go:294	è·å–Runnerç‰ˆæœ¬å†å²æˆåŠŸ	{"id": 1, "count": 1}
2025-05-04T18:41:29.879+0800	info	v1/runner.go:246	è·å–Runnerç‰ˆæœ¬å†å²æˆåŠŸ	{"id": 1, "version_count": 1}
2025-05-04T18:41:29.879+0800	info	middleware/logger.go:75	HTTPè¯·æ±‚	{"method": "GET", "path": "/api/v1/runner/1/version", "query": "", "ip": "::1", "user-agent": "curl/8.7.1", "status": 200, "size": 223, "latency": 0.445243853, "request": "", "response": "{\"code\":0,\"msg\":\"æˆåŠŸ\",\"data\":[{\"id\":1,\"updated_at\":\"2025-05-04 18:40:45\",\"updated_by\":\"\",\"deleted_by\":\"\",\"runner_id\":1,\"version\":\"1.0.0\",\"comment\":\"åˆå§‹ç‰ˆæœ¬\",\"created_by\":\"admin\",\"created_at\":\"2025-05-04 18:40:45\"}]}"}
2025-05-04T18:58:55.073+0800	error	v1/service_tree.go:99	è§£æServiceTree IDå¤±è´¥	{"id_param": "name-path", "error": "strconv.ParseInt: parsing \"name-path\": invalid syntax"}
2025-05-04T18:58:55.073+0800	info	middleware/logger.go:75	HTTPè¯·æ±‚	{"method": "GET", "path": "/api/v1/service-tree/name-path", "query": "path=test-tree", "ip": "::1", "user-agent": "curl/8.7.1", "status": 400, "size": 32, "latency": 0.000157724, "request": "", "response": "{\"code\":400,\"msg\":\"æ— æ•ˆçš„ID\"}"}
2025-05-04T18:59:40.605+0800	error	v1/service_tree.go:99	è§£æServiceTree IDå¤±è´¥	{"id_param": "name-path", "error": "strconv.ParseInt: parsing \"name-path\": invalid syntax"}
2025-05-04T18:59:40.605+0800	info	middleware/logger.go:75	HTTPè¯·æ±‚	{"method": "GET", "path": "/api/v1/service-tree/name-path", "query": "path=test-tree", "ip": "::1", "user-agent": "curl/8.7.1", "status": 400, "size": 32, "latency": 0.000145889, "request": "", "response": "{\"code\":400,\"msg\":\"æ— æ•ˆçš„ID\"}"}
2025-05-04T19:00:28.172+0800	error	v1/service_tree.go:99	è§£æServiceTree IDå¤±è´¥	{"id_param": "name-path", "error": "strconv.ParseInt: parsing \"name-path\": invalid syntax"}
2025-05-04T19:00:28.172+0800	info	middleware/logger.go:75	HTTPè¯·æ±‚	{"method": "GET", "path": "/api/v1/service-tree/name-path", "query": "path=test-tree", "ip": "::1", "user-agent": "curl/8.7.1", "status": 400, "size": 32, "latency": 0.000155831, "request": "", "response": "{\"code\":400,\"msg\":\"æ— æ•ˆçš„ID\"}"}
2025-05-04T19:01:31.115+0800	info	middleware/logger.go:75	HTTPè¯·æ±‚	{"method": "GET", "path": "/api/v1/service-tree/path/by-name", "query": "path=test-tree", "ip": "::1", "user-agent": "curl/8.7.1", "status": 404, "size": -1, "latency": 0.000040202, "request": "", "response": ""}
2025-05-04T19:01:43.703+0800	debug	v1/runner.go:117	å¼€å§‹å¤„ç†Runnerè¯¦æƒ…è¯·æ±‚	{"id": 1}
2025-05-04T19:01:43.703+0800	debug	service/runner.go:99	å¼€å§‹è·å–Runnerè¯¦æƒ…	{"id": 1}
2025-05-04T19:01:43.703+0800	debug	repo/runner.go:46	å¼€å§‹è·å–Runner	{"id": 1}
[mysql] 2025/05/04 19:01:43 packets.go:122: closing bad idle connection: operation timed out
[mysql] 2025/05/04 19:01:43 connection.go:173: driver: bad connection

2025/05/04 19:01:44 [32m/Users/yy/Desktop/code/github.com/yunhanshu/api-server/repo/runner.go:48 [33mSLOW SQL >= 200ms
[0m[31;1m[483.265ms] [33m[rows:1][35m SELECT * FROM `runner` WHERE `runner`.`id` = 1 AND `runner`.`deleted_at` IS NULL ORDER BY `runner`.`id` LIMIT 1[0m
2025-05-04T19:01:44.187+0800	debug	service/runner.go:111	è·å–Runnerè¯¦æƒ…æˆåŠŸ	{"id": 1}
2025-05-04T19:01:44.187+0800	info	v1/runner.go:132	è·å–Runnerè¯¦æƒ…æˆåŠŸ	{"id": 1}
2025-05-04T19:01:44.187+0800	info	middleware/logger.go:75	HTTPè¯·æ±‚	{"method": "GET", "path": "/api/v1/runner/1", "query": "", "ip": "::1", "user-agent": "curl/8.7.1", "status": 200, "size": 354, "latency": 0.483846129, "request": "", "response": "{\"code\":0,\"msg\":\"æˆåŠŸ\",\"data\":{\"id\":1,\"created_at\":\"2025-05-04 18:40:45\",\"updated_at\":\"2025-05-04 18:40:45\",\"created_by\":\"admin\",\"updated_by\":\"admin\",\"deleted_by\":\"\",\"title\":\"æµ‹è¯•Runner\",\"name\":\"test-runner\",\"version\":\"\",\"user\":\"admin\",\"language\":\"\",\"status\":1,\"runcher_id\":null,\"is_public\":true,\"tags\":\"\",\"fork_from_version\":\"\",\"fork_from_id\":null}}"}
2025-05-04T19:01:49.348+0800	info	middleware/logger.go:75	HTTPè¯·æ±‚	{"method": "GET", "path": "/api/v1/service-tree/path/by-name", "query": "path=test-tree", "ip": "::1", "user-agent": "curl/8.7.1", "status": 404, "size": -1, "latency": 0.000033027, "request": "", "response": ""}
2025-05-04T19:01:59.738+0800	info	middleware/logger.go:75	HTTPè¯·æ±‚	{"method": "GET", "path": "/api/v1/service-tree/path/by-name", "query": "path=test-tree", "ip": "::1", "user-agent": "curl/8.7.1", "status": 404, "size": -1, "latency": 0.000034138, "request": "", "response": ""}
2025-05-04T19:02:57.243+0800	info	middleware/logger.go:75	HTTPè¯·æ±‚	{"method": "GET", "path": "/api/v1/service-tree/path/by-name", "query": "path=test-tree", "ip": "::1", "user-agent": "curl/8.7.1", "status": 404, "size": -1, "latency": 0.000034029, "request": "", "response": ""}
2025-05-04T19:04:03.190+0800	debug	v1/runner.go:117	å¼€å§‹å¤„ç†Runnerè¯¦æƒ…è¯·æ±‚	{"id": 1}
2025-05-04T19:04:03.191+0800	debug	service/runner.go:99	å¼€å§‹è·å–Runnerè¯¦æƒ…	{"id": 1}
2025-05-04T19:04:03.191+0800	debug	repo/runner.go:46	å¼€å§‹è·å–Runner	{"id": 1}

2025/05/04 19:04:03 [32m/Users/yy/Desktop/code/github.com/yunhanshu/api-server/repo/runner.go:48 [33mSLOW SQL >= 200ms
[0m[31;1m[209.125ms] [33m[rows:1][35m SELECT * FROM `runner` WHERE `runner`.`id` = 1 AND `runner`.`deleted_at` IS NULL ORDER BY `runner`.`id` LIMIT 1[0m
2025-05-04T19:04:03.400+0800	debug	service/runner.go:111	è·å–Runnerè¯¦æƒ…æˆåŠŸ	{"id": 1}
2025-05-04T19:04:03.400+0800	info	v1/runner.go:132	è·å–Runnerè¯¦æƒ…æˆåŠŸ	{"id": 1}
2025-05-04T19:04:03.400+0800	info	middleware/logger.go:75	HTTPè¯·æ±‚	{"method": "GET", "path": "/api/v1/runner/1", "query": "", "ip": "::1", "user-agent": "curl/8.7.1", "status": 200, "size": 354, "latency": 0.209558711, "request": "", "response": "{\"code\":0,\"msg\":\"æˆåŠŸ\",\"data\":{\"id\":1,\"created_at\":\"2025-05-04 18:40:45\",\"updated_at\":\"2025-05-04 18:40:45\",\"created_by\":\"admin\",\"updated_by\":\"admin\",\"deleted_by\":\"\",\"title\":\"æµ‹è¯•Runner\",\"name\":\"test-runner\",\"version\":\"\",\"user\":\"admin\",\"language\":\"\",\"status\":1,\"runcher_id\":null,\"is_public\":true,\"tags\":\"\",\"fork_from_version\":\"\",\"fork_from_id\":null}}"}
2025-05-04T19:04:10.292+0800	info	middleware/logger.go:75	HTTPè¯·æ±‚	{"method": "GET", "path": "/api/v1/service-tree/path/by-name", "query": "path=test-tree", "ip": "::1", "user-agent": "curl/8.7.1", "status": 404, "size": -1, "latency": 0.000037835, "request": "", "response": ""}
2025-05-04T19:04:35.086+0800	info	middleware/logger.go:75	HTTPè¯·æ±‚	{"method": "GET", "path": "/api/v1/service-tree-path/by-name", "query": "path=test-tree", "ip": "::1", "user-agent": "curl/8.7.1", "status": 404, "size": -1, "latency": 0.000038496, "request": "", "response": ""}
2025-05-04T19:05:31.357+0800	info	middleware/logger.go:75	HTTPè¯·æ±‚	{"method": "GET", "path": "/api/v1/service-tree-path/by-name", "query": "path=test-tree", "ip": "::1", "user-agent": "curl/8.7.1", "status": 404, "size": -1, "latency": 0.000037136, "request": "", "response": ""}
